Analysis & Synthesis report for uart_implementation
Wed Jan 17 22:50:46 2018
Quartus Prime Version 17.1.0 Build 590 10/25/2017 SJ Lite Edition


---------------------
; Table of Contents ;
---------------------
  1. Legal Notice
  2. Analysis & Synthesis Summary
  3. Analysis & Synthesis Settings
  4. Parallel Compilation
  5. Analysis & Synthesis Source Files Read
  6. Analysis & Synthesis Resource Usage Summary
  7. Analysis & Synthesis Resource Utilization by Entity
  8. State Machine - |uart_implementation|uart_tx:UART_TX_INST|r_SM_Main
  9. State Machine - |uart_implementation|uart_rx:UART_RX_INST|r_SM_Main
 10. Registers Removed During Synthesis
 11. Removed Registers Triggering Further Register Optimizations
 12. General Register Statistics
 13. Multiplexer Restructuring Statistics (Restructuring Performed)
 14. Parameter Settings for User Entity Instance: Top-level Entity: |uart_implementation
 15. Parameter Settings for User Entity Instance: uart_rx:UART_RX_INST
 16. Parameter Settings for User Entity Instance: uart_tx:UART_TX_INST
 17. Port Connectivity Checks: "uart_tx:UART_TX_INST"
 18. Port Connectivity Checks: "uart_rx:UART_RX_INST"
 19. Post-Synthesis Netlist Statistics for Top Partition
 20. Elapsed Time Per Partition
 21. Analysis & Synthesis Messages



----------------
; Legal Notice ;
----------------
Copyright (C) 2017  Intel Corporation. All rights reserved.
Your use of Intel Corporation's design tools, logic functions 
and other software and tools, and its AMPP partner logic 
functions, and any output files from any of the foregoing 
(including device programming or simulation files), and any 
associated documentation or information are expressly subject 
to the terms and conditions of the Intel Program License 
Subscription Agreement, the Intel Quartus Prime License Agreement,
the Intel FPGA IP License Agreement, or other applicable license
agreement, including, without limitation, that your use is for
the sole purpose of programming logic devices manufactured by
Intel and sold by Intel or its authorized distributors.  Please
refer to the applicable agreement for further details.



+----------------------------------------------------------------------------------+
; Analysis & Synthesis Summary                                                     ;
+------------------------------------+---------------------------------------------+
; Analysis & Synthesis Status        ; Successful - Wed Jan 17 22:50:46 2018       ;
; Quartus Prime Version              ; 17.1.0 Build 590 10/25/2017 SJ Lite Edition ;
; Revision Name                      ; uart_implementation                         ;
; Top-level Entity Name              ; uart_implementation                         ;
; Family                             ; Cyclone IV E                                ;
; Total logic elements               ; 0                                           ;
;     Total combinational functions  ; 0                                           ;
;     Dedicated logic registers      ; 0                                           ;
; Total registers                    ; 0                                           ;
; Total pins                         ; 26                                          ;
; Total virtual pins                 ; 0                                           ;
; Total memory bits                  ; 0                                           ;
; Embedded Multiplier 9-bit elements ; 0                                           ;
; Total PLLs                         ; 0                                           ;
+------------------------------------+---------------------------------------------+


+------------------------------------------------------------------------------------------------------------------------+
; Analysis & Synthesis Settings                                                                                          ;
+----------------------------------------------------------------------------+---------------------+---------------------+
; Option                                                                     ; Setting             ; Default Value       ;
+----------------------------------------------------------------------------+---------------------+---------------------+
; Device                                                                     ; EP4CE115F29C7       ;                     ;
; Top-level entity name                                                      ; uart_implementation ; uart_implementation ;
; Family name                                                                ; Cyclone IV E        ; Cyclone IV GX       ;
; Use smart compilation                                                      ; Off                 ; Off                 ;
; Enable parallel Assembler and TimeQuest Timing Analyzer during compilation ; On                  ; On                  ;
; Enable compact report table                                                ; Off                 ; Off                 ;
; Restructure Multiplexers                                                   ; Auto                ; Auto                ;
; Create Debugging Nodes for IP Cores                                        ; Off                 ; Off                 ;
; Preserve fewer node names                                                  ; On                  ; On                  ;
; Intel FPGA IP Evaluation Mode                                              ; Enable              ; Enable              ;
; Verilog Version                                                            ; Verilog_2001        ; Verilog_2001        ;
; VHDL Version                                                               ; VHDL_1993           ; VHDL_1993           ;
; State Machine Processing                                                   ; Auto                ; Auto                ;
; Safe State Machine                                                         ; Off                 ; Off                 ;
; Extract Verilog State Machines                                             ; On                  ; On                  ;
; Extract VHDL State Machines                                                ; On                  ; On                  ;
; Ignore Verilog initial constructs                                          ; Off                 ; Off                 ;
; Iteration limit for constant Verilog loops                                 ; 5000                ; 5000                ;
; Iteration limit for non-constant Verilog loops                             ; 250                 ; 250                 ;
; Add Pass-Through Logic to Inferred RAMs                                    ; On                  ; On                  ;
; Infer RAMs from Raw Logic                                                  ; On                  ; On                  ;
; Parallel Synthesis                                                         ; On                  ; On                  ;
; DSP Block Balancing                                                        ; Auto                ; Auto                ;
; NOT Gate Push-Back                                                         ; On                  ; On                  ;
; Power-Up Don't Care                                                        ; On                  ; On                  ;
; Remove Redundant Logic Cells                                               ; Off                 ; Off                 ;
; Remove Duplicate Registers                                                 ; On                  ; On                  ;
; Ignore CARRY Buffers                                                       ; Off                 ; Off                 ;
; Ignore CASCADE Buffers                                                     ; Off                 ; Off                 ;
; Ignore GLOBAL Buffers                                                      ; Off                 ; Off                 ;
; Ignore ROW GLOBAL Buffers                                                  ; Off                 ; Off                 ;
; Ignore LCELL Buffers                                                       ; Off                 ; Off                 ;
; Ignore SOFT Buffers                                                        ; On                  ; On                  ;
; Limit AHDL Integers to 32 Bits                                             ; Off                 ; Off                 ;
; Optimization Technique                                                     ; Balanced            ; Balanced            ;
; Carry Chain Length                                                         ; 70                  ; 70                  ;
; Auto Carry Chains                                                          ; On                  ; On                  ;
; Auto Open-Drain Pins                                                       ; On                  ; On                  ;
; Perform WYSIWYG Primitive Resynthesis                                      ; Off                 ; Off                 ;
; Auto ROM Replacement                                                       ; On                  ; On                  ;
; Auto RAM Replacement                                                       ; On                  ; On                  ;
; Auto DSP Block Replacement                                                 ; On                  ; On                  ;
; Auto Shift Register Replacement                                            ; Auto                ; Auto                ;
; Allow Shift Register Merging across Hierarchies                            ; Auto                ; Auto                ;
; Auto Clock Enable Replacement                                              ; On                  ; On                  ;
; Strict RAM Replacement                                                     ; Off                 ; Off                 ;
; Allow Synchronous Control Signals                                          ; On                  ; On                  ;
; Force Use of Synchronous Clear Signals                                     ; Off                 ; Off                 ;
; Auto RAM Block Balancing                                                   ; On                  ; On                  ;
; Auto RAM to Logic Cell Conversion                                          ; Off                 ; Off                 ;
; Auto Resource Sharing                                                      ; Off                 ; Off                 ;
; Allow Any RAM Size For Recognition                                         ; Off                 ; Off                 ;
; Allow Any ROM Size For Recognition                                         ; Off                 ; Off                 ;
; Allow Any Shift Register Size For Recognition                              ; Off                 ; Off                 ;
; Use LogicLock Constraints during Resource Balancing                        ; On                  ; On                  ;
; Ignore translate_off and synthesis_off directives                          ; Off                 ; Off                 ;
; Timing-Driven Synthesis                                                    ; On                  ; On                  ;
; Report Parameter Settings                                                  ; On                  ; On                  ;
; Report Source Assignments                                                  ; On                  ; On                  ;
; Report Connectivity Checks                                                 ; On                  ; On                  ;
; Ignore Maximum Fan-Out Assignments                                         ; Off                 ; Off                 ;
; Synchronization Register Chain Length                                      ; 2                   ; 2                   ;
; Power Optimization During Synthesis                                        ; Normal compilation  ; Normal compilation  ;
; HDL message level                                                          ; Level2              ; Level2              ;
; Suppress Register Optimization Related Messages                            ; Off                 ; Off                 ;
; Number of Removed Registers Reported in Synthesis Report                   ; 5000                ; 5000                ;
; Number of Swept Nodes Reported in Synthesis Report                         ; 5000                ; 5000                ;
; Number of Inverted Registers Reported in Synthesis Report                  ; 100                 ; 100                 ;
; Clock MUX Protection                                                       ; On                  ; On                  ;
; Auto Gated Clock Conversion                                                ; Off                 ; Off                 ;
; Block Design Naming                                                        ; Auto                ; Auto                ;
; SDC constraint protection                                                  ; Off                 ; Off                 ;
; Synthesis Effort                                                           ; Auto                ; Auto                ;
; Shift Register Replacement - Allow Asynchronous Clear Signal               ; On                  ; On                  ;
; Pre-Mapping Resynthesis Optimization                                       ; Off                 ; Off                 ;
; Analysis & Synthesis Message Level                                         ; Medium              ; Medium              ;
; Disable Register Merging Across Hierarchies                                ; Auto                ; Auto                ;
; Resource Aware Inference For Block RAM                                     ; On                  ; On                  ;
+----------------------------------------------------------------------------+---------------------+---------------------+


+------------------------------------------+
; Parallel Compilation                     ;
+----------------------------+-------------+
; Processors                 ; Number      ;
+----------------------------+-------------+
; Number detected on machine ; 4           ;
; Maximum allowed            ; 2           ;
;                            ;             ;
; Average used               ; 1.00        ;
; Maximum used               ; 1           ;
;                            ;             ;
; Usage by Processor         ; % Time Used ;
;     Processor 1            ; 100.0%      ;
+----------------------------+-------------+


+----------------------------------------------------------------------------------------------------------------------------------------------------------+
; Analysis & Synthesis Source Files Read                                                                                                                   ;
+----------------------------------+-----------------+------------------------+------------------------------------------------------------------+---------+
; File Name with User-Entered Path ; Used in Netlist ; File Type              ; File Name with Absolute Path                                     ; Library ;
+----------------------------------+-----------------+------------------------+------------------------------------------------------------------+---------+
; uart.v                           ; yes             ; User Verilog HDL File  ; E:/Semester-4 ENTC/CWwork/elec iii/UART cw/uart.v                ;         ;
; uart_implementation.v            ; yes             ; User Verilog HDL File  ; E:/Semester-4 ENTC/CWwork/elec iii/UART cw/uart_implementation.v ;         ;
+----------------------------------+-----------------+------------------------+------------------------------------------------------------------+---------+


+--------------------------------------------------------------+
; Analysis & Synthesis Resource Usage Summary                  ;
+---------------------------------------------+----------------+
; Resource                                    ; Usage          ;
+---------------------------------------------+----------------+
;                                             ;                ;
; Total combinational functions               ; 0              ;
; Logic element usage by number of LUT inputs ;                ;
;     -- 4 input functions                    ; 0              ;
;     -- 3 input functions                    ; 0              ;
;     -- <=2 input functions                  ; 0              ;
;                                             ;                ;
; Logic elements by mode                      ;                ;
;     -- normal mode                          ; 0              ;
;     -- arithmetic mode                      ; 0              ;
;                                             ;                ;
; Total registers                             ; 0              ;
;     -- Dedicated logic registers            ; 0              ;
;     -- I/O registers                        ; 0              ;
;                                             ;                ;
; I/O pins                                    ; 26             ;
;                                             ;                ;
; Embedded Multiplier 9-bit elements          ; 0              ;
;                                             ;                ;
; Maximum fan-out node                        ; LEDR[0]~output ;
; Maximum fan-out                             ; 1              ;
; Total fan-out                               ; 26             ;
; Average fan-out                             ; 0.50           ;
+---------------------------------------------+----------------+


+-------------------------------------------------------------------------------------------------------------------------------------------------------------------------------------------------------------------+
; Analysis & Synthesis Resource Utilization by Entity                                                                                                                                                               ;
+----------------------------+---------------------+---------------------------+-------------+--------------+---------+-----------+------+--------------+----------------------+---------------------+--------------+
; Compilation Hierarchy Node ; Combinational ALUTs ; Dedicated Logic Registers ; Memory Bits ; DSP Elements ; DSP 9x9 ; DSP 18x18 ; Pins ; Virtual Pins ; Full Hierarchy Name  ; Entity Name         ; Library Name ;
+----------------------------+---------------------+---------------------------+-------------+--------------+---------+-----------+------+--------------+----------------------+---------------------+--------------+
; |uart_implementation       ; 0 (0)               ; 0 (0)                     ; 0           ; 0            ; 0       ; 0         ; 26   ; 0            ; |uart_implementation ; uart_implementation ; work         ;
+----------------------------+---------------------+---------------------------+-------------+--------------+---------+-----------+------+--------------+----------------------+---------------------+--------------+
Note: For table entries with two numbers listed, the numbers in parentheses indicate the number of resources of the given type used by the specific entity alone. The numbers listed outside of parentheses indicate the total resources of the given type used by the specific entity and all of its sub-entities in the hierarchy.


Encoding Type:  One-Hot
+------------------------------------------------------------------------------------------------------------------------------------------------+
; State Machine - |uart_implementation|uart_tx:UART_TX_INST|r_SM_Main                                                                            ;
+--------------------------+-------------------------+--------------------------+--------------------------+---------------+---------------------+
; Name                     ; r_SM_Main.s_TX_STOP_BIT ; r_SM_Main.s_TX_DATA_BITS ; r_SM_Main.s_TX_START_BIT ; r_SM_Main.000 ; r_SM_Main.s_CLEANUP ;
+--------------------------+-------------------------+--------------------------+--------------------------+---------------+---------------------+
; r_SM_Main.000            ; 0                       ; 0                        ; 0                        ; 0             ; 0                   ;
; r_SM_Main.s_TX_START_BIT ; 0                       ; 0                        ; 1                        ; 1             ; 0                   ;
; r_SM_Main.s_TX_DATA_BITS ; 0                       ; 1                        ; 0                        ; 1             ; 0                   ;
; r_SM_Main.s_TX_STOP_BIT  ; 1                       ; 0                        ; 0                        ; 1             ; 0                   ;
; r_SM_Main.s_CLEANUP      ; 0                       ; 0                        ; 0                        ; 1             ; 1                   ;
+--------------------------+-------------------------+--------------------------+--------------------------+---------------+---------------------+


Encoding Type:  One-Hot
+------------------------------------------------------------------------------------------------------------------------------------------------+
; State Machine - |uart_implementation|uart_rx:UART_RX_INST|r_SM_Main                                                                            ;
+--------------------------+-------------------------+--------------------------+--------------------------+---------------+---------------------+
; Name                     ; r_SM_Main.s_RX_STOP_BIT ; r_SM_Main.s_RX_DATA_BITS ; r_SM_Main.s_RX_START_BIT ; r_SM_Main.000 ; r_SM_Main.s_CLEANUP ;
+--------------------------+-------------------------+--------------------------+--------------------------+---------------+---------------------+
; r_SM_Main.000            ; 0                       ; 0                        ; 0                        ; 0             ; 0                   ;
; r_SM_Main.s_RX_START_BIT ; 0                       ; 0                        ; 1                        ; 1             ; 0                   ;
; r_SM_Main.s_RX_DATA_BITS ; 0                       ; 1                        ; 0                        ; 1             ; 0                   ;
; r_SM_Main.s_RX_STOP_BIT  ; 1                       ; 0                        ; 0                        ; 1             ; 0                   ;
; r_SM_Main.s_CLEANUP      ; 0                       ; 0                        ; 0                        ; 1             ; 1                   ;
+--------------------------+-------------------------+--------------------------+--------------------------+---------------+---------------------+


+----------------------------------------------------------------------------------------+
; Registers Removed During Synthesis                                                     ;
+-----------------------------------------------+----------------------------------------+
; Register name                                 ; Reason for Removal                     ;
+-----------------------------------------------+----------------------------------------+
; uart_rx:UART_RX_INST|r_Rx_Data_R              ; Stuck at VCC due to stuck port data_in ;
; uart_rx:UART_RX_INST|r_Rx_Data                ; Stuck at VCC due to stuck port data_in ;
; uart_tx:UART_TX_INST|r_SM_Main~2              ; Lost fanout                            ;
; uart_tx:UART_TX_INST|r_SM_Main~3              ; Lost fanout                            ;
; uart_rx:UART_RX_INST|r_SM_Main~2              ; Lost fanout                            ;
; uart_rx:UART_RX_INST|r_SM_Main~3              ; Lost fanout                            ;
; uart_tx:UART_TX_INST|r_Clock_Count[1..7]      ; Lost fanout                            ;
; uart_tx:UART_TX_INST|r_Bit_Index[0..2]        ; Lost fanout                            ;
; uart_rx:UART_RX_INST|r_Clock_Count[0..7]      ; Lost fanout                            ;
; uart_rx:UART_RX_INST|r_Bit_Index[0..2]        ; Lost fanout                            ;
; uart_tx:UART_TX_INST|r_Clock_Count[0]         ; Lost fanout                            ;
; uart_tx:UART_TX_INST|r_SM_Main.s_CLEANUP      ; Lost fanout                            ;
; uart_tx:UART_TX_INST|r_SM_Main.000            ; Lost fanout                            ;
; uart_tx:UART_TX_INST|r_SM_Main.s_TX_START_BIT ; Lost fanout                            ;
; uart_tx:UART_TX_INST|r_SM_Main.s_TX_DATA_BITS ; Lost fanout                            ;
; uart_tx:UART_TX_INST|r_SM_Main.s_TX_STOP_BIT  ; Lost fanout                            ;
; uart_rx:UART_RX_INST|r_SM_Main.s_CLEANUP      ; Lost fanout                            ;
; uart_rx:UART_RX_INST|r_SM_Main.000            ; Lost fanout                            ;
; uart_rx:UART_RX_INST|r_SM_Main.s_RX_START_BIT ; Lost fanout                            ;
; uart_rx:UART_RX_INST|r_SM_Main.s_RX_DATA_BITS ; Lost fanout                            ;
; uart_rx:UART_RX_INST|r_SM_Main.s_RX_STOP_BIT  ; Lost fanout                            ;
; Total Number of Removed Registers = 38        ;                                        ;
+-----------------------------------------------+----------------------------------------+


+---------------------------------------------------------------------------------------------------------------------------------------------------+
; Removed Registers Triggering Further Register Optimizations                                                                                       ;
+----------------------------------+---------------------------+------------------------------------------------------------------------------------+
; Register name                    ; Reason for Removal        ; Registers Removed due to This Register                                             ;
+----------------------------------+---------------------------+------------------------------------------------------------------------------------+
; uart_rx:UART_RX_INST|r_SM_Main~2 ; Lost Fanouts              ; uart_rx:UART_RX_INST|r_Clock_Count[0], uart_rx:UART_RX_INST|r_Clock_Count[1],      ;
;                                  ;                           ; uart_rx:UART_RX_INST|r_Clock_Count[2], uart_rx:UART_RX_INST|r_Clock_Count[3],      ;
;                                  ;                           ; uart_rx:UART_RX_INST|r_Clock_Count[6], uart_rx:UART_RX_INST|r_Clock_Count[7],      ;
;                                  ;                           ; uart_rx:UART_RX_INST|r_Bit_Index[2], uart_rx:UART_RX_INST|r_Bit_Index[0],          ;
;                                  ;                           ; uart_rx:UART_RX_INST|r_Bit_Index[1], uart_rx:UART_RX_INST|r_SM_Main.s_CLEANUP,     ;
;                                  ;                           ; uart_rx:UART_RX_INST|r_SM_Main.000, uart_rx:UART_RX_INST|r_SM_Main.s_RX_START_BIT, ;
;                                  ;                           ; uart_rx:UART_RX_INST|r_SM_Main.s_RX_DATA_BITS,                                     ;
;                                  ;                           ; uart_rx:UART_RX_INST|r_SM_Main.s_RX_STOP_BIT                                       ;
; uart_tx:UART_TX_INST|r_SM_Main~2 ; Lost Fanouts              ; uart_tx:UART_TX_INST|r_Clock_Count[7], uart_tx:UART_TX_INST|r_Clock_Count[6],      ;
;                                  ;                           ; uart_tx:UART_TX_INST|r_Clock_Count[5], uart_tx:UART_TX_INST|r_Clock_Count[4],      ;
;                                  ;                           ; uart_tx:UART_TX_INST|r_Bit_Index[2], uart_tx:UART_TX_INST|r_Bit_Index[0],          ;
;                                  ;                           ; uart_tx:UART_TX_INST|r_Bit_Index[1], uart_tx:UART_TX_INST|r_SM_Main.s_CLEANUP,     ;
;                                  ;                           ; uart_tx:UART_TX_INST|r_SM_Main.000, uart_tx:UART_TX_INST|r_SM_Main.s_TX_START_BIT, ;
;                                  ;                           ; uart_tx:UART_TX_INST|r_SM_Main.s_TX_DATA_BITS,                                     ;
;                                  ;                           ; uart_tx:UART_TX_INST|r_SM_Main.s_TX_STOP_BIT                                       ;
; uart_rx:UART_RX_INST|r_Rx_Data_R ; Stuck at VCC              ; uart_rx:UART_RX_INST|r_Rx_Data                                                     ;
;                                  ; due to stuck port data_in ;                                                                                    ;
+----------------------------------+---------------------------+------------------------------------------------------------------------------------+


+------------------------------------------------------+
; General Register Statistics                          ;
+----------------------------------------------+-------+
; Statistic                                    ; Value ;
+----------------------------------------------+-------+
; Total registers                              ; 0     ;
; Number of registers using Synchronous Clear  ; 0     ;
; Number of registers using Synchronous Load   ; 0     ;
; Number of registers using Asynchronous Clear ; 0     ;
; Number of registers using Asynchronous Load  ; 0     ;
; Number of registers using Clock Enable       ; 0     ;
; Number of registers using Preset             ; 0     ;
+----------------------------------------------+-------+


+--------------------------------------------------------------------------------------------------------------------------------------------------------------------------+
; Multiplexer Restructuring Statistics (Restructuring Performed)                                                                                                           ;
+--------------------+-----------+---------------+----------------------+------------------------+------------+------------------------------------------------------------+
; Multiplexer Inputs ; Bus Width ; Baseline Area ; Area if Restructured ; Saving if Restructured ; Registered ; Example Multiplexer Output                                 ;
+--------------------+-----------+---------------+----------------------+------------------------+------------+------------------------------------------------------------+
; 4:1                ; 8 bits    ; 16 LEs        ; 8 LEs                ; 8 LEs                  ; Yes        ; |uart_implementation|uart_tx:UART_TX_INST|r_Clock_Count[7] ;
; 6:1                ; 8 bits    ; 32 LEs        ; 8 LEs                ; 24 LEs                 ; Yes        ; |uart_implementation|uart_rx:UART_RX_INST|r_Clock_Count[0] ;
; 3:1                ; 3 bits    ; 6 LEs         ; 6 LEs                ; 0 LEs                  ; No         ; |uart_implementation|uart_tx:UART_TX_INST|r_Bit_Index      ;
; 3:1                ; 3 bits    ; 6 LEs         ; 6 LEs                ; 0 LEs                  ; No         ; |uart_implementation|uart_rx:UART_RX_INST|r_Bit_Index      ;
+--------------------+-----------+---------------+----------------------+------------------------+------------+------------------------------------------------------------+


+-------------------------------------------------------------------------------------+
; Parameter Settings for User Entity Instance: Top-level Entity: |uart_implementation ;
+-------------------+-------+---------------------------------------------------------+
; Parameter Name    ; Value ; Type                                                    ;
+-------------------+-------+---------------------------------------------------------+
; c_CLOCK_PERIOD_NS ; 100   ; Signed Integer                                          ;
; c_CLKS_PER_BIT    ; 87    ; Signed Integer                                          ;
; c_BIT_PERIOD      ; 8600  ; Signed Integer                                          ;
+-------------------+-------+---------------------------------------------------------+
Note: In order to hide this table in the UI and the text report file, please set the "Show Parameter Settings in Synthesis Report" option in "Analysis and Synthesis Settings -> More Settings" to "Off".


+-------------------------------------------------------------------+
; Parameter Settings for User Entity Instance: uart_rx:UART_RX_INST ;
+----------------+-------+------------------------------------------+
; Parameter Name ; Value ; Type                                     ;
+----------------+-------+------------------------------------------+
; c_CLKS_PER_BIT ; 87    ; Signed Integer                           ;
; s_IDLE         ; 000   ; Unsigned Binary                          ;
; s_RX_START_BIT ; 001   ; Unsigned Binary                          ;
; s_RX_DATA_BITS ; 010   ; Unsigned Binary                          ;
; s_RX_STOP_BIT  ; 011   ; Unsigned Binary                          ;
; s_CLEANUP      ; 100   ; Unsigned Binary                          ;
+----------------+-------+------------------------------------------+
Note: In order to hide this table in the UI and the text report file, please set the "Show Parameter Settings in Synthesis Report" option in "Analysis and Synthesis Settings -> More Settings" to "Off".


+-------------------------------------------------------------------+
; Parameter Settings for User Entity Instance: uart_tx:UART_TX_INST ;
+----------------+-------+------------------------------------------+
; Parameter Name ; Value ; Type                                     ;
+----------------+-------+------------------------------------------+
; s_IDLE         ; 000   ; Unsigned Binary                          ;
; s_TX_START_BIT ; 001   ; Unsigned Binary                          ;
; s_TX_DATA_BITS ; 010   ; Unsigned Binary                          ;
; s_TX_STOP_BIT  ; 011   ; Unsigned Binary                          ;
; s_CLEANUP      ; 100   ; Unsigned Binary                          ;
+----------------+-------+------------------------------------------+
Note: In order to hide this table in the UI and the text report file, please set the "Show Parameter Settings in Synthesis Report" option in "Analysis and Synthesis Settings -> More Settings" to "Off".


+---------------------------------------------------------------------------------------------------------------------------+
; Port Connectivity Checks: "uart_tx:UART_TX_INST"                                                                          ;
+-----------------+--------+----------+-------------------------------------------------------------------------------------+
; Port            ; Type   ; Severity ; Details                                                                             ;
+-----------------+--------+----------+-------------------------------------------------------------------------------------+
; i_Tx_DV         ; Input  ; Info     ; Stuck at GND                                                                        ;
; i_Tx_Byte[1..0] ; Input  ; Info     ; Stuck at VCC                                                                        ;
; i_Tx_Byte[7]    ; Input  ; Info     ; Stuck at VCC                                                                        ;
; i_Tx_Byte[6]    ; Input  ; Info     ; Stuck at GND                                                                        ;
; i_Tx_Byte[5]    ; Input  ; Info     ; Stuck at VCC                                                                        ;
; i_Tx_Byte[4]    ; Input  ; Info     ; Stuck at GND                                                                        ;
; i_Tx_Byte[3]    ; Input  ; Info     ; Stuck at VCC                                                                        ;
; i_Tx_Byte[2]    ; Input  ; Info     ; Stuck at GND                                                                        ;
; o_Tx_Active     ; Output ; Info     ; Explicitly unconnected                                                              ;
; o_Tx_Serial     ; Output ; Info     ; Explicitly unconnected                                                              ;
; o_Tx_Done       ; Output ; Info     ; Connected to dangling logic. Logic that only feeds a dangling port will be removed. ;
+-----------------+--------+----------+-------------------------------------------------------------------------------------+


+-----------------------------------------------------------------------------------------------------------------------+
; Port Connectivity Checks: "uart_rx:UART_RX_INST"                                                                      ;
+-------------+--------+----------+-------------------------------------------------------------------------------------+
; Port        ; Type   ; Severity ; Details                                                                             ;
+-------------+--------+----------+-------------------------------------------------------------------------------------+
; i_Rx_Serial ; Input  ; Info     ; Stuck at VCC                                                                        ;
; o_Rx_DV     ; Output ; Info     ; Explicitly unconnected                                                              ;
; o_Rx_Byte   ; Output ; Info     ; Connected to dangling logic. Logic that only feeds a dangling port will be removed. ;
+-------------+--------+----------+-------------------------------------------------------------------------------------+


+-----------------------------------------------------+
; Post-Synthesis Netlist Statistics for Top Partition ;
+-----------------------+-----------------------------+
; Type                  ; Count                       ;
+-----------------------+-----------------------------+
; boundary_port         ; 26                          ;
; cycloneiii_lcell_comb ; 1                           ;
;     normal            ; 1                           ;
;         0 data inputs ; 1                           ;
;                       ;                             ;
; Max LUT depth         ; 0.00                        ;
; Average LUT depth     ; 0.00                        ;
+-----------------------+-----------------------------+


+-------------------------------+
; Elapsed Time Per Partition    ;
+----------------+--------------+
; Partition Name ; Elapsed Time ;
+----------------+--------------+
; Top            ; 00:00:00     ;
+----------------+--------------+


+-------------------------------+
; Analysis & Synthesis Messages ;
+-------------------------------+
Info: *******************************************************************
Info: Running Quartus Prime Analysis & Synthesis
    Info: Version 17.1.0 Build 590 10/25/2017 SJ Lite Edition
    Info: Processing started: Wed Jan 17 22:50:28 2018
Info: Command: quartus_map --read_settings_files=on --write_settings_files=off uart_implementation -c uart_implementation
Warning (18236): Number of processors has not been specified which may cause overloading on shared machines.  Set the global assignment NUM_PARALLEL_PROCESSORS in your QSF to an appropriate value for best performance.
Info (20030): Parallel compilation is enabled and will use 2 of the 2 processors detected
Info (12021): Found 3 design units, including 3 entities, in source file uart.v
    Info (12023): Found entity 1: uart_rx File: E:/Semester-4 ENTC/CWwork/elec iii/UART cw/uart.v Line: 3
    Info (12023): Found entity 2: uart_tx File: E:/Semester-4 ENTC/CWwork/elec iii/UART cw/uart.v Line: 144
    Info (12023): Found entity 3: uart_tb File: E:/Semester-4 ENTC/CWwork/elec iii/UART cw/uart.v Line: 283
Info (12021): Found 1 design units, including 1 entities, in source file uart_implementation.v
    Info (12023): Found entity 1: uart_implementation File: E:/Semester-4 ENTC/CWwork/elec iii/UART cw/uart_implementation.v Line: 1
Info (12127): Elaborating entity "uart_implementation" for the top level hierarchy
Warning (10755): Verilog HDL warning at uart_implementation.v(68): assignments to r_Clock create a combinational loop File: E:/Semester-4 ENTC/CWwork/elec iii/UART cw/uart_implementation.v Line: 68
Info (10648): Verilog HDL Display System Task info at uart_implementation.v(91): Test Passed - Correct Byte Received File: E:/Semester-4 ENTC/CWwork/elec iii/UART cw/uart_implementation.v Line: 91
Info (10648): Verilog HDL Display System Task info at uart_implementation.v(93): Test Failed - Incorrect Byte Received File: E:/Semester-4 ENTC/CWwork/elec iii/UART cw/uart_implementation.v Line: 93
Warning (10034): Output port "LEDR" at uart_implementation.v(2) has no driver File: E:/Semester-4 ENTC/CWwork/elec iii/UART cw/uart_implementation.v Line: 2
Warning (10034): Output port "LEDG" at uart_implementation.v(3) has no driver File: E:/Semester-4 ENTC/CWwork/elec iii/UART cw/uart_implementation.v Line: 3
Info (12128): Elaborating entity "uart_rx" for hierarchy "uart_rx:UART_RX_INST" File: E:/Semester-4 ENTC/CWwork/elec iii/UART cw/uart_implementation.v Line: 55
Warning (10230): Verilog HDL assignment warning at uart.v(70): truncated value with size 32 to match size of target (8) File: E:/Semester-4 ENTC/CWwork/elec iii/UART cw/uart.v Line: 70
Warning (10230): Verilog HDL assignment warning at uart.v(81): truncated value with size 32 to match size of target (8) File: E:/Semester-4 ENTC/CWwork/elec iii/UART cw/uart.v Line: 81
Warning (10230): Verilog HDL assignment warning at uart.v(92): truncated value with size 32 to match size of target (3) File: E:/Semester-4 ENTC/CWwork/elec iii/UART cw/uart.v Line: 92
Warning (10230): Verilog HDL assignment warning at uart.v(110): truncated value with size 32 to match size of target (8) File: E:/Semester-4 ENTC/CWwork/elec iii/UART cw/uart.v Line: 110
Info (12128): Elaborating entity "uart_tx" for hierarchy "uart_tx:UART_TX_INST" File: E:/Semester-4 ENTC/CWwork/elec iii/UART cw/uart_implementation.v Line: 64
Warning (10230): Verilog HDL assignment warning at uart.v(197): truncated value with size 32 to match size of target (8) File: E:/Semester-4 ENTC/CWwork/elec iii/UART cw/uart.v Line: 197
Warning (10230): Verilog HDL assignment warning at uart.v(215): truncated value with size 32 to match size of target (8) File: E:/Semester-4 ENTC/CWwork/elec iii/UART cw/uart.v Line: 215
Warning (10230): Verilog HDL assignment warning at uart.v(225): truncated value with size 32 to match size of target (3) File: E:/Semester-4 ENTC/CWwork/elec iii/UART cw/uart.v Line: 225
Warning (10230): Verilog HDL assignment warning at uart.v(245): truncated value with size 32 to match size of target (8) File: E:/Semester-4 ENTC/CWwork/elec iii/UART cw/uart.v Line: 245
Warning (13024): Output pins are stuck at VCC or GND
    Warning (13410): Pin "LEDR[0]" is stuck at GND File: E:/Semester-4 ENTC/CWwork/elec iii/UART cw/uart_implementation.v Line: 2
    Warning (13410): Pin "LEDR[1]" is stuck at GND File: E:/Semester-4 ENTC/CWwork/elec iii/UART cw/uart_implementation.v Line: 2
    Warning (13410): Pin "LEDR[2]" is stuck at GND File: E:/Semester-4 ENTC/CWwork/elec iii/UART cw/uart_implementation.v Line: 2
    Warning (13410): Pin "LEDR[3]" is stuck at GND File: E:/Semester-4 ENTC/CWwork/elec iii/UART cw/uart_implementation.v Line: 2
    Warning (13410): Pin "LEDR[4]" is stuck at GND File: E:/Semester-4 ENTC/CWwork/elec iii/UART cw/uart_implementation.v Line: 2
    Warning (13410): Pin "LEDR[5]" is stuck at GND File: E:/Semester-4 ENTC/CWwork/elec iii/UART cw/uart_implementation.v Line: 2
    Warning (13410): Pin "LEDR[6]" is stuck at GND File: E:/Semester-4 ENTC/CWwork/elec iii/UART cw/uart_implementation.v Line: 2
    Warning (13410): Pin "LEDR[7]" is stuck at GND File: E:/Semester-4 ENTC/CWwork/elec iii/UART cw/uart_implementation.v Line: 2
    Warning (13410): Pin "LEDG[0]" is stuck at GND File: E:/Semester-4 ENTC/CWwork/elec iii/UART cw/uart_implementation.v Line: 3
    Warning (13410): Pin "LEDG[1]" is stuck at GND File: E:/Semester-4 ENTC/CWwork/elec iii/UART cw/uart_implementation.v Line: 3
    Warning (13410): Pin "LEDG[2]" is stuck at GND File: E:/Semester-4 ENTC/CWwork/elec iii/UART cw/uart_implementation.v Line: 3
    Warning (13410): Pin "LEDG[3]" is stuck at GND File: E:/Semester-4 ENTC/CWwork/elec iii/UART cw/uart_implementation.v Line: 3
    Warning (13410): Pin "LEDG[4]" is stuck at GND File: E:/Semester-4 ENTC/CWwork/elec iii/UART cw/uart_implementation.v Line: 3
    Warning (13410): Pin "LEDG[5]" is stuck at GND File: E:/Semester-4 ENTC/CWwork/elec iii/UART cw/uart_implementation.v Line: 3
    Warning (13410): Pin "LEDG[6]" is stuck at GND File: E:/Semester-4 ENTC/CWwork/elec iii/UART cw/uart_implementation.v Line: 3
    Warning (13410): Pin "LEDG[7]" is stuck at GND File: E:/Semester-4 ENTC/CWwork/elec iii/UART cw/uart_implementation.v Line: 3
Info (17049): 36 registers lost all their fanouts during netlist optimizations.
Info (16010): Generating hard_block partition "hard_block:auto_generated_inst"
    Info (16011): Adding 0 node(s), including 0 DDIO, 0 PLL, 0 transceiver and 0 LCELL
Warning (21074): Design contains 10 input pin(s) that do not drive logic
    Warning (15610): No output dependent on input pin "SW[0]" File: E:/Semester-4 ENTC/CWwork/elec iii/UART cw/uart_implementation.v Line: 4
    Warning (15610): No output dependent on input pin "SW[1]" File: E:/Semester-4 ENTC/CWwork/elec iii/UART cw/uart_implementation.v Line: 4
    Warning (15610): No output dependent on input pin "SW[2]" File: E:/Semester-4 ENTC/CWwork/elec iii/UART cw/uart_implementation.v Line: 4
    Warning (15610): No output dependent on input pin "SW[3]" File: E:/Semester-4 ENTC/CWwork/elec iii/UART cw/uart_implementation.v Line: 4
    Warning (15610): No output dependent on input pin "SW[4]" File: E:/Semester-4 ENTC/CWwork/elec iii/UART cw/uart_implementation.v Line: 4
    Warning (15610): No output dependent on input pin "SW[5]" File: E:/Semester-4 ENTC/CWwork/elec iii/UART cw/uart_implementation.v Line: 4
    Warning (15610): No output dependent on input pin "SW[6]" File: E:/Semester-4 ENTC/CWwork/elec iii/UART cw/uart_implementation.v Line: 4
    Warning (15610): No output dependent on input pin "SW[7]" File: E:/Semester-4 ENTC/CWwork/elec iii/UART cw/uart_implementation.v Line: 4
    Warning (15610): No output dependent on input pin "key1" File: E:/Semester-4 ENTC/CWwork/elec iii/UART cw/uart_implementation.v Line: 5
    Warning (15610): No output dependent on input pin "key2" File: E:/Semester-4 ENTC/CWwork/elec iii/UART cw/uart_implementation.v Line: 5
Info (21057): Implemented 26 device resources after synthesis - the final resource count might be different
    Info (21058): Implemented 10 input pins
    Info (21059): Implemented 16 output pins
Info: Quartus Prime Analysis & Synthesis was successful. 0 errors, 40 warnings
    Info: Peak virtual memory: 655 megabytes
    Info: Processing ended: Wed Jan 17 22:50:46 2018
    Info: Elapsed time: 00:00:18
    Info: Total CPU time (on all processors): 00:00:38


